Mensaje I / 00:00:00:000 / Root(00) para top(01)
Mensaje I / 00:00:00:000 / top(01) para sensor(02)
Mensaje I / 00:00:00:000 / top(01) para robot(03)
Mensaje D / 00:00:00:000 / sensor(02) / ... para top(01)
Mensaje D / 00:00:00:000 / robot(03) / 00:00:00:000 para top(01)
Mensaje D / 00:00:00:000 / top(01) / 00:00:00:000 para Root(00)
Mensaje * / 00:00:00:000 / Root(00) para top(01)
Mensaje * / 00:00:00:000 / top(01) para robot(03)
Mensaje Y / 00:00:00:000 / robot(03) / out /     56.00000 para top(01)
Mensaje D / 00:00:00:000 / robot(03) / ... para top(01)
Mensaje X / 00:00:00:000 / top(01) / in /     56.00000 para sensor(02)
Mensaje D / 00:00:00:000 / sensor(02) / 00:00:00:500 para top(01)
Mensaje D / 00:00:00:000 / top(01) / 00:00:00:500 para Root(00)
Mensaje * / 00:00:00:500 / Root(00) para top(01)
Mensaje * / 00:00:00:500 / top(01) para sensor(02)
Mensaje Y / 00:00:00:500 / sensor(02) / out /     18.00000 para top(01)
Mensaje D / 00:00:00:500 / sensor(02) / ... para top(01)
Mensaje X / 00:00:00:500 / top(01) / in /     18.00000 para robot(03)
Mensaje D / 00:00:00:500 / robot(03) / 00:00:00:000 para top(01)
Mensaje D / 00:00:00:500 / top(01) / 00:00:00:000 para Root(00)
Mensaje * / 00:00:00:500 / Root(00) para top(01)
Mensaje * / 00:00:00:500 / top(01) para robot(03)
Mensaje Y / 00:00:00:500 / robot(03) / out /     55.00000 para top(01)
Mensaje D / 00:00:00:500 / robot(03) / ... para top(01)
Mensaje X / 00:00:00:500 / top(01) / in /     55.00000 para sensor(02)
Mensaje D / 00:00:00:500 / sensor(02) / 00:00:00:500 para top(01)
Mensaje D / 00:00:00:500 / top(01) / 00:00:00:500 para Root(00)
Mensaje * / 00:00:01:000 / Root(00) para top(01)
Mensaje * / 00:00:01:000 / top(01) para sensor(02)
Mensaje Y / 00:00:01:000 / sensor(02) / out /     22.00000 para top(01)
Mensaje D / 00:00:01:000 / sensor(02) / ... para top(01)
Mensaje X / 00:00:01:000 / top(01) / in /     22.00000 para robot(03)
Mensaje D / 00:00:01:000 / robot(03) / 00:00:00:000 para top(01)
Mensaje D / 00:00:01:000 / top(01) / 00:00:00:000 para Root(00)
Mensaje * / 00:00:01:000 / Root(00) para top(01)
Mensaje * / 00:00:01:000 / top(01) para robot(03)
Mensaje Y / 00:00:01:000 / robot(03) / out /     54.00000 para top(01)
Mensaje D / 00:00:01:000 / robot(03) / ... para top(01)
Mensaje X / 00:00:01:000 / top(01) / in /     54.00000 para sensor(02)
Mensaje D / 00:00:01:000 / sensor(02) / 00:00:00:500 para top(01)
Mensaje D / 00:00:01:000 / top(01) / 00:00:00:500 para Root(00)
Mensaje * / 00:00:01:500 / Root(00) para top(01)
Mensaje * / 00:00:01:500 / top(01) para sensor(02)
Mensaje Y / 00:00:01:500 / sensor(02) / out /     53.00000 para top(01)
Mensaje D / 00:00:01:500 / sensor(02) / ... para top(01)
Mensaje X / 00:00:01:500 / top(01) / in /     53.00000 para robot(03)
Mensaje D / 00:00:01:500 / robot(03) / 00:00:00:000 para top(01)
Mensaje D / 00:00:01:500 / top(01) / 00:00:00:000 para Root(00)
Mensaje * / 00:00:01:500 / Root(00) para top(01)
Mensaje * / 00:00:01:500 / top(01) para robot(03)
Mensaje Y / 00:00:01:500 / robot(03) / out /     64.00000 para top(01)
Mensaje D / 00:00:01:500 / robot(03) / ... para top(01)
Mensaje X / 00:00:01:500 / top(01) / in /     64.00000 para sensor(02)
Mensaje D / 00:00:01:500 / sensor(02) / 00:00:00:500 para top(01)
Mensaje D / 00:00:01:500 / top(01) / 00:00:00:500 para Root(00)
Mensaje * / 00:00:02:000 / Root(00) para top(01)
Mensaje * / 00:00:02:000 / top(01) para sensor(02)
Mensaje Y / 00:00:02:000 / sensor(02) / out /     30.00000 para top(01)
Mensaje D / 00:00:02:000 / sensor(02) / ... para top(01)
Mensaje X / 00:00:02:000 / top(01) / in /     30.00000 para robot(03)
Mensaje D / 00:00:02:000 / robot(03) / 00:00:00:000 para top(01)
Mensaje D / 00:00:02:000 / top(01) / 00:00:00:000 para Root(00)
Mensaje * / 00:00:02:000 / Root(00) para top(01)
Mensaje * / 00:00:02:000 / top(01) para robot(03)
Mensaje Y / 00:00:02:000 / robot(03) / out /     74.00000 para top(01)
Mensaje D / 00:00:02:000 / robot(03) / ... para top(01)
Mensaje X / 00:00:02:000 / top(01) / in /     74.00000 para sensor(02)
Mensaje D / 00:00:02:000 / sensor(02) / 00:00:00:500 para top(01)
Mensaje D / 00:00:02:000 / top(01) / 00:00:00:500 para Root(00)
Mensaje * / 00:00:02:500 / Root(00) para top(01)
Mensaje * / 00:00:02:500 / top(01) para sensor(02)
Mensaje Y / 00:00:02:500 / sensor(02) / out /     48.00000 para top(01)
Mensaje D / 00:00:02:500 / sensor(02) / ... para top(01)
Mensaje X / 00:00:02:500 / top(01) / in /     48.00000 para robot(03)
Mensaje D / 00:00:02:500 / robot(03) / 00:00:00:000 para top(01)
Mensaje D / 00:00:02:500 / top(01) / 00:00:00:000 para Root(00)
Mensaje * / 00:00:02:500 / Root(00) para top(01)
Mensaje * / 00:00:02:500 / top(01) para robot(03)
Mensaje Y / 00:00:02:500 / robot(03) / out /     64.00000 para top(01)
Mensaje D / 00:00:02:500 / robot(03) / ... para top(01)
Mensaje X / 00:00:02:500 / top(01) / in /     64.00000 para sensor(02)
Mensaje D / 00:00:02:500 / sensor(02) / 00:00:00:500 para top(01)
Mensaje D / 00:00:02:500 / top(01) / 00:00:00:500 para Root(00)
Mensaje * / 00:00:03:000 / Root(00) para top(01)
Mensaje * / 00:00:03:000 / top(01) para sensor(02)
Mensaje Y / 00:00:03:000 / sensor(02) / out /     23.00000 para top(01)
Mensaje D / 00:00:03:000 / sensor(02) / ... para top(01)
Mensaje X / 00:00:03:000 / top(01) / in /     23.00000 para robot(03)
Mensaje D / 00:00:03:000 / robot(03) / 00:00:00:000 para top(01)
Mensaje D / 00:00:03:000 / top(01) / 00:00:00:000 para Root(00)
Mensaje * / 00:00:03:000 / Root(00) para top(01)
Mensaje * / 00:00:03:000 / top(01) para robot(03)
Mensaje Y / 00:00:03:000 / robot(03) / out /     54.00000 para top(01)
Mensaje D / 00:00:03:000 / robot(03) / ... para top(01)
Mensaje X / 00:00:03:000 / top(01) / in /     54.00000 para sensor(02)
Mensaje D / 00:00:03:000 / sensor(02) / 00:00:00:500 para top(01)
Mensaje D / 00:00:03:000 / top(01) / 00:00:00:500 para Root(00)
Mensaje * / 00:00:03:500 / Root(00) para top(01)
Mensaje * / 00:00:03:500 / top(01) para sensor(02)
Mensaje Y / 00:00:03:500 / sensor(02) / out /     76.00000 para top(01)
Mensaje D / 00:00:03:500 / sensor(02) / ... para top(01)
Mensaje X / 00:00:03:500 / top(01) / in /     76.00000 para robot(03)
Mensaje D / 00:00:03:500 / robot(03) / 00:00:00:000 para top(01)
Mensaje D / 00:00:03:500 / top(01) / 00:00:00:000 para Root(00)
Mensaje * / 00:00:03:500 / Root(00) para top(01)
Mensaje * / 00:00:03:500 / top(01) para robot(03)
Mensaje Y / 00:00:03:500 / robot(03) / out /     64.00000 para top(01)
Mensaje D / 00:00:03:500 / robot(03) / ... para top(01)
Mensaje X / 00:00:03:500 / top(01) / in /     64.00000 para sensor(02)
Mensaje D / 00:00:03:500 / sensor(02) / 00:00:00:500 para top(01)
Mensaje D / 00:00:03:500 / top(01) / 00:00:00:500 para Root(00)
Mensaje * / 00:00:04:000 / Root(00) para top(01)
Mensaje * / 00:00:04:000 / top(01) para sensor(02)
Mensaje Y / 00:00:04:000 / sensor(02) / out /     63.00000 para top(01)
Mensaje D / 00:00:04:000 / sensor(02) / ... para top(01)
Mensaje X / 00:00:04:000 / top(01) / in /     63.00000 para robot(03)
Mensaje D / 00:00:04:000 / robot(03) / 00:00:00:000 para top(01)
Mensaje D / 00:00:04:000 / top(01) / 00:00:00:000 para Root(00)
Mensaje * / 00:00:04:000 / Root(00) para top(01)
Mensaje * / 00:00:04:000 / top(01) para robot(03)
Mensaje Y / 00:00:04:000 / robot(03) / out /     54.00000 para top(01)
Mensaje D / 00:00:04:000 / robot(03) / ... para top(01)
Mensaje X / 00:00:04:000 / top(01) / in /     54.00000 para sensor(02)
Mensaje D / 00:00:04:000 / sensor(02) / 00:00:00:500 para top(01)
Mensaje D / 00:00:04:000 / top(01) / 00:00:00:500 para Root(00)
Mensaje * / 00:00:04:500 / Root(00) para top(01)
Mensaje * / 00:00:04:500 / top(01) para sensor(02)
Mensaje Y / 00:00:04:500 / sensor(02) / out /     37.00000 para top(01)
Mensaje D / 00:00:04:500 / sensor(02) / ... para top(01)
Mensaje X / 00:00:04:500 / top(01) / in /     37.00000 para robot(03)
Mensaje D / 00:00:04:500 / robot(03) / 00:00:00:000 para top(01)
Mensaje D / 00:00:04:500 / top(01) / 00:00:00:000 para Root(00)
Mensaje * / 00:00:04:500 / Root(00) para top(01)
Mensaje * / 00:00:04:500 / top(01) para robot(03)
Mensaje Y / 00:00:04:500 / robot(03) / out /     44.00000 para top(01)
Mensaje D / 00:00:04:500 / robot(03) / ... para top(01)
Mensaje X / 00:00:04:500 / top(01) / in /     44.00000 para sensor(02)
Mensaje D / 00:00:04:500 / sensor(02) / 00:00:00:500 para top(01)
Mensaje D / 00:00:04:500 / top(01) / 00:00:00:500 para Root(00)
Mensaje * / 00:00:05:000 / Root(00) para top(01)
Mensaje * / 00:00:05:000 / top(01) para sensor(02)
Mensaje Y / 00:00:05:000 / sensor(02) / out /     33.00000 para top(01)
Mensaje D / 00:00:05:000 / sensor(02) / ... para top(01)
Mensaje X / 00:00:05:000 / top(01) / in /     33.00000 para robot(03)
Mensaje D / 00:00:05:000 / robot(03) / 00:00:00:000 para top(01)
Mensaje D / 00:00:05:000 / top(01) / 00:00:00:000 para Root(00)
Mensaje * / 00:00:05:000 / Root(00) para top(01)
Mensaje * / 00:00:05:000 / top(01) para robot(03)
Mensaje Y / 00:00:05:000 / robot(03) / out /     45.00000 para top(01)
Mensaje D / 00:00:05:000 / robot(03) / ... para top(01)
Mensaje X / 00:00:05:000 / top(01) / in /     45.00000 para sensor(02)
Mensaje D / 00:00:05:000 / sensor(02) / 00:00:00:500 para top(01)
Mensaje D / 00:00:05:000 / top(01) / 00:00:00:500 para Root(00)
Mensaje * / 00:00:05:500 / Root(00) para top(01)
Mensaje * / 00:00:05:500 / top(01) para sensor(02)
Mensaje Y / 00:00:05:500 / sensor(02) / out /     60.00000 para top(01)
Mensaje D / 00:00:05:500 / sensor(02) / ... para top(01)
Mensaje X / 00:00:05:500 / top(01) / in /     60.00000 para robot(03)
Mensaje D / 00:00:05:500 / robot(03) / 00:00:00:000 para top(01)
Mensaje D / 00:00:05:500 / top(01) / 00:00:00:000 para Root(00)
Mensaje * / 00:00:05:500 / Root(00) para top(01)
Mensaje * / 00:00:05:500 / top(01) para robot(03)
Mensaje Y / 00:00:05:500 / robot(03) / out /     55.00000 para top(01)
Mensaje D / 00:00:05:500 / robot(03) / ... para top(01)
Mensaje X / 00:00:05:500 / top(01) / in /     55.00000 para sensor(02)
Mensaje D / 00:00:05:500 / sensor(02) / 00:00:00:500 para top(01)
Mensaje D / 00:00:05:500 / top(01) / 00:00:00:500 para Root(00)
Mensaje * / 00:00:06:000 / Root(00) para top(01)
Mensaje * / 00:00:06:000 / top(01) para sensor(02)
Mensaje Y / 00:00:06:000 / sensor(02) / out /     78.00000 para top(01)
Mensaje D / 00:00:06:000 / sensor(02) / ... para top(01)
Mensaje X / 00:00:06:000 / top(01) / in /     78.00000 para robot(03)
Mensaje D / 00:00:06:000 / robot(03) / 00:00:00:000 para top(01)
Mensaje D / 00:00:06:000 / top(01) / 00:00:00:000 para Root(00)
Mensaje * / 00:00:06:000 / Root(00) para top(01)
Mensaje * / 00:00:06:000 / top(01) para robot(03)
Mensaje Y / 00:00:06:000 / robot(03) / out /     65.00000 para top(01)
Mensaje D / 00:00:06:000 / robot(03) / ... para top(01)
Mensaje X / 00:00:06:000 / top(01) / in /     65.00000 para sensor(02)
Mensaje D / 00:00:06:000 / sensor(02) / 00:00:00:500 para top(01)
Mensaje D / 00:00:06:000 / top(01) / 00:00:00:500 para Root(00)
Mensaje * / 00:00:06:500 / Root(00) para top(01)
Mensaje * / 00:00:06:500 / top(01) para sensor(02)
Mensaje Y / 00:00:06:500 / sensor(02) / out /     27.00000 para top(01)
Mensaje D / 00:00:06:500 / sensor(02) / ... para top(01)
Mensaje X / 00:00:06:500 / top(01) / in /     27.00000 para robot(03)
Mensaje D / 00:00:06:500 / robot(03) / 00:00:00:000 para top(01)
Mensaje D / 00:00:06:500 / top(01) / 00:00:00:000 para Root(00)
Mensaje * / 00:00:06:500 / Root(00) para top(01)
Mensaje * / 00:00:06:500 / top(01) para robot(03)
Mensaje Y / 00:00:06:500 / robot(03) / out /     66.00000 para top(01)
Mensaje D / 00:00:06:500 / robot(03) / ... para top(01)
Mensaje X / 00:00:06:500 / top(01) / in /     66.00000 para sensor(02)
Mensaje D / 00:00:06:500 / sensor(02) / 00:00:00:500 para top(01)
Mensaje D / 00:00:06:500 / top(01) / 00:00:00:500 para Root(00)
Mensaje * / 00:00:07:000 / Root(00) para top(01)
Mensaje * / 00:00:07:000 / top(01) para sensor(02)
Mensaje Y / 00:00:07:000 / sensor(02) / out /     84.00000 para top(01)
Mensaje D / 00:00:07:000 / sensor(02) / ... para top(01)
Mensaje X / 00:00:07:000 / top(01) / in /     84.00000 para robot(03)
Mensaje D / 00:00:07:000 / robot(03) / 00:00:00:000 para top(01)
Mensaje D / 00:00:07:000 / top(01) / 00:00:00:000 para Root(00)
Mensaje * / 00:00:07:000 / Root(00) para top(01)
Mensaje * / 00:00:07:000 / top(01) para robot(03)
Mensaje Y / 00:00:07:000 / robot(03) / out /     56.00000 para top(01)
Mensaje D / 00:00:07:000 / robot(03) / ... para top(01)
Mensaje X / 00:00:07:000 / top(01) / in /     56.00000 para sensor(02)
Mensaje D / 00:00:07:000 / sensor(02) / 00:00:00:500 para top(01)
Mensaje D / 00:00:07:000 / top(01) / 00:00:00:500 para Root(00)
Mensaje * / 00:00:07:500 / Root(00) para top(01)
Mensaje * / 00:00:07:500 / top(01) para sensor(02)
Mensaje Y / 00:00:07:500 / sensor(02) / out /     50.00000 para top(01)
Mensaje D / 00:00:07:500 / sensor(02) / ... para top(01)
Mensaje X / 00:00:07:500 / top(01) / in /     50.00000 para robot(03)
Mensaje D / 00:00:07:500 / robot(03) / 00:00:00:000 para top(01)
Mensaje D / 00:00:07:500 / top(01) / 00:00:00:000 para Root(00)
Mensaje * / 00:00:07:500 / Root(00) para top(01)
Mensaje * / 00:00:07:500 / top(01) para robot(03)
Mensaje Y / 00:00:07:500 / robot(03) / out /     66.00000 para top(01)
Mensaje D / 00:00:07:500 / robot(03) / ... para top(01)
Mensaje X / 00:00:07:500 / top(01) / in /     66.00000 para sensor(02)
Mensaje D / 00:00:07:500 / sensor(02) / 00:00:00:500 para top(01)
Mensaje D / 00:00:07:500 / top(01) / 00:00:00:500 para Root(00)
Mensaje * / 00:00:08:000 / Root(00) para top(01)
Mensaje * / 00:00:08:000 / top(01) para sensor(02)
Mensaje Y / 00:00:08:000 / sensor(02) / out /     74.00000 para top(01)
Mensaje D / 00:00:08:000 / sensor(02) / ... para top(01)
Mensaje X / 00:00:08:000 / top(01) / in /     74.00000 para robot(03)
Mensaje D / 00:00:08:000 / robot(03) / 00:00:00:000 para top(01)
Mensaje D / 00:00:08:000 / top(01) / 00:00:00:000 para Root(00)
Mensaje * / 00:00:08:000 / Root(00) para top(01)
Mensaje * / 00:00:08:000 / top(01) para robot(03)
Mensaje Y / 00:00:08:000 / robot(03) / out /     65.00000 para top(01)
Mensaje D / 00:00:08:000 / robot(03) / ... para top(01)
Mensaje X / 00:00:08:000 / top(01) / in /     65.00000 para sensor(02)
Mensaje D / 00:00:08:000 / sensor(02) / 00:00:00:500 para top(01)
Mensaje D / 00:00:08:000 / top(01) / 00:00:00:500 para Root(00)
Mensaje * / 00:00:08:500 / Root(00) para top(01)
Mensaje * / 00:00:08:500 / top(01) para sensor(02)
Mensaje Y / 00:00:08:500 / sensor(02) / out /      7.00000 para top(01)
Mensaje D / 00:00:08:500 / sensor(02) / ... para top(01)
Mensaje X / 00:00:08:500 / top(01) / in /      7.00000 para robot(03)
Mensaje D / 00:00:08:500 / robot(03) / 00:00:00:000 para top(01)
Mensaje D / 00:00:08:500 / top(01) / 00:00:00:000 para Root(00)
Mensaje * / 00:00:08:500 / Root(00) para top(01)
Mensaje * / 00:00:08:500 / top(01) para robot(03)
Mensaje Y / 00:00:08:500 / robot(03) / out /     55.00000 para top(01)
Mensaje D / 00:00:08:500 / robot(03) / ... para top(01)
Mensaje X / 00:00:08:500 / top(01) / in /     55.00000 para sensor(02)
Mensaje D / 00:00:08:500 / sensor(02) / 00:00:00:500 para top(01)
Mensaje D / 00:00:08:500 / top(01) / 00:00:00:500 para Root(00)
Mensaje * / 00:00:09:000 / Root(00) para top(01)
Mensaje * / 00:00:09:000 / top(01) para sensor(02)
Mensaje Y / 00:00:09:000 / sensor(02) / out /     24.00000 para top(01)
Mensaje D / 00:00:09:000 / sensor(02) / ... para top(01)
Mensaje X / 00:00:09:000 / top(01) / in /     24.00000 para robot(03)
Mensaje D / 00:00:09:000 / robot(03) / 00:00:00:000 para top(01)
Mensaje D / 00:00:09:000 / top(01) / 00:00:00:000 para Root(00)
Mensaje * / 00:00:09:000 / Root(00) para top(01)
Mensaje * / 00:00:09:000 / top(01) para robot(03)
Mensaje Y / 00:00:09:000 / robot(03) / out /     45.00000 para top(01)
Mensaje D / 00:00:09:000 / robot(03) / ... para top(01)
Mensaje X / 00:00:09:000 / top(01) / in /     45.00000 para sensor(02)
Mensaje D / 00:00:09:000 / sensor(02) / 00:00:00:500 para top(01)
Mensaje D / 00:00:09:000 / top(01) / 00:00:00:500 para Root(00)
Mensaje * / 00:00:09:500 / Root(00) para top(01)
Mensaje * / 00:00:09:500 / top(01) para sensor(02)
Mensaje Y / 00:00:09:500 / sensor(02) / out /     52.00000 para top(01)
Mensaje D / 00:00:09:500 / sensor(02) / ... para top(01)
Mensaje X / 00:00:09:500 / top(01) / in /     52.00000 para robot(03)
Mensaje D / 00:00:09:500 / robot(03) / 00:00:00:000 para top(01)
Mensaje D / 00:00:09:500 / top(01) / 00:00:00:000 para Root(00)
Mensaje * / 00:00:09:500 / Root(00) para top(01)
Mensaje * / 00:00:09:500 / top(01) para robot(03)
Mensaje Y / 00:00:09:500 / robot(03) / out /     55.00000 para top(01)
Mensaje D / 00:00:09:500 / robot(03) / ... para top(01)
Mensaje X / 00:00:09:500 / top(01) / in /     55.00000 para sensor(02)
Mensaje D / 00:00:09:500 / sensor(02) / 00:00:00:500 para top(01)
Mensaje D / 00:00:09:500 / top(01) / 00:00:00:500 para Root(00)
Mensaje * / 00:00:10:000 / Root(00) para top(01)
Mensaje * / 00:00:10:000 / top(01) para sensor(02)
Mensaje Y / 00:00:10:000 / sensor(02) / out /     47.00000 para top(01)
Mensaje D / 00:00:10:000 / sensor(02) / ... para top(01)
Mensaje X / 00:00:10:000 / top(01) / in /     47.00000 para robot(03)
Mensaje D / 00:00:10:000 / robot(03) / 00:00:00:000 para top(01)
Mensaje D / 00:00:10:000 / top(01) / 00:00:00:000 para Root(00)
Mensaje * / 00:00:10:000 / Root(00) para top(01)
Mensaje * / 00:00:10:000 / top(01) para robot(03)
Mensaje Y / 00:00:10:000 / robot(03) / out /     65.00000 para top(01)
Mensaje D / 00:00:10:000 / robot(03) / ... para top(01)
Mensaje X / 00:00:10:000 / top(01) / in /     65.00000 para sensor(02)
Mensaje D / 00:00:10:000 / sensor(02) / 00:00:00:500 para top(01)
Mensaje D / 00:00:10:000 / top(01) / 00:00:00:500 para Root(00)
Mensaje * / 00:00:10:500 / Root(00) para top(01)
Mensaje * / 00:00:10:500 / top(01) para sensor(02)
Mensaje Y / 00:00:10:500 / sensor(02) / out /     80.00000 para top(01)
Mensaje D / 00:00:10:500 / sensor(02) / ... para top(01)
Mensaje X / 00:00:10:500 / top(01) / in /     80.00000 para robot(03)
Mensaje D / 00:00:10:500 / robot(03) / 00:00:00:000 para top(01)
Mensaje D / 00:00:10:500 / top(01) / 00:00:00:000 para Root(00)
Mensaje * / 00:00:10:500 / Root(00) para top(01)
Mensaje * / 00:00:10:500 / top(01) para robot(03)
Mensaje Y / 00:00:10:500 / robot(03) / out /     64.00000 para top(01)
Mensaje D / 00:00:10:500 / robot(03) / ... para top(01)
Mensaje X / 00:00:10:500 / top(01) / in /     64.00000 para sensor(02)
Mensaje D / 00:00:10:500 / sensor(02) / 00:00:00:500 para top(01)
Mensaje D / 00:00:10:500 / top(01) / 00:00:00:500 para Root(00)
Mensaje * / 00:00:11:000 / Root(00) para top(01)
Mensaje * / 00:00:11:000 / top(01) para sensor(02)
Mensaje Y / 00:00:11:000 / sensor(02) / out /      8.00000 para top(01)
Mensaje D / 00:00:11:000 / sensor(02) / ... para top(01)
Mensaje X / 00:00:11:000 / top(01) / in /      8.00000 para robot(03)
Mensaje D / 00:00:11:000 / robot(03) / 00:00:00:000 para top(01)
Mensaje D / 00:00:11:000 / top(01) / 00:00:00:000 para Root(00)
Mensaje * / 00:00:11:000 / Root(00) para top(01)
Mensaje * / 00:00:11:000 / top(01) para robot(03)
Mensaje Y / 00:00:11:000 / robot(03) / out /     65.00000 para top(01)
Mensaje D / 00:00:11:000 / robot(03) / ... para top(01)
Mensaje X / 00:00:11:000 / top(01) / in /     65.00000 para sensor(02)
Mensaje D / 00:00:11:000 / sensor(02) / 00:00:00:500 para top(01)
Mensaje D / 00:00:11:000 / top(01) / 00:00:00:500 para Root(00)
Mensaje * / 00:00:11:500 / Root(00) para top(01)
Mensaje * / 00:00:11:500 / top(01) para sensor(02)
Mensaje Y / 00:00:11:500 / sensor(02) / out /     12.00000 para top(01)
Mensaje D / 00:00:11:500 / sensor(02) / ... para top(01)
Mensaje X / 00:00:11:500 / top(01) / in /     12.00000 para robot(03)
Mensaje D / 00:00:11:500 / robot(03) / 00:00:00:000 para top(01)
Mensaje D / 00:00:11:500 / top(01) / 00:00:00:000 para Root(00)
Mensaje * / 00:00:11:500 / Root(00) para top(01)
Mensaje * / 00:00:11:500 / top(01) para robot(03)
Mensaje Y / 00:00:11:500 / robot(03) / out /     55.00000 para top(01)
Mensaje D / 00:00:11:500 / robot(03) / ... para top(01)
Mensaje X / 00:00:11:500 / top(01) / in /     55.00000 para sensor(02)
Mensaje D / 00:00:11:500 / sensor(02) / 00:00:00:500 para top(01)
Mensaje D / 00:00:11:500 / top(01) / 00:00:00:500 para Root(00)
Mensaje * / 00:00:12:000 / Root(00) para top(01)
Mensaje * / 00:00:12:000 / top(01) para sensor(02)
Mensaje Y / 00:00:12:000 / sensor(02) / out /     14.00000 para top(01)
Mensaje D / 00:00:12:000 / sensor(02) / ... para top(01)
Mensaje X / 00:00:12:000 / top(01) / in /     14.00000 para robot(03)
Mensaje D / 00:00:12:000 / robot(03) / 00:00:00:000 para top(01)
Mensaje D / 00:00:12:000 / top(01) / 00:00:00:000 para Root(00)
Mensaje * / 00:00:12:000 / Root(00) para top(01)
Mensaje * / 00:00:12:000 / top(01) para robot(03)
Mensaje Y / 00:00:12:000 / robot(03) / out /     56.00000 para top(01)
Mensaje D / 00:00:12:000 / robot(03) / ... para top(01)
Mensaje X / 00:00:12:000 / top(01) / in /     56.00000 para sensor(02)
Mensaje D / 00:00:12:000 / sensor(02) / 00:00:00:500 para top(01)
Mensaje D / 00:00:12:000 / top(01) / 00:00:00:500 para Root(00)
Mensaje * / 00:00:12:500 / Root(00) para top(01)
Mensaje * / 00:00:12:500 / top(01) para sensor(02)
Mensaje Y / 00:00:12:500 / sensor(02) / out /     26.00000 para top(01)
Mensaje D / 00:00:12:500 / sensor(02) / ... para top(01)
Mensaje X / 00:00:12:500 / top(01) / in /     26.00000 para robot(03)
Mensaje D / 00:00:12:500 / robot(03) / 00:00:00:000 para top(01)
Mensaje D / 00:00:12:500 / top(01) / 00:00:00:000 para Root(00)
Mensaje * / 00:00:12:500 / Root(00) para top(01)
Mensaje * / 00:00:12:500 / top(01) para robot(03)
Mensaje Y / 00:00:12:500 / robot(03) / out /     46.00000 para top(01)
Mensaje D / 00:00:12:500 / robot(03) / ... para top(01)
Mensaje X / 00:00:12:500 / top(01) / in /     46.00000 para sensor(02)
Mensaje D / 00:00:12:500 / sensor(02) / 00:00:00:500 para top(01)
Mensaje D / 00:00:12:500 / top(01) / 00:00:00:500 para Root(00)
Mensaje * / 00:00:13:000 / Root(00) para top(01)
Mensaje * / 00:00:13:000 / top(01) para sensor(02)
Mensaje Y / 00:00:13:000 / sensor(02) / out /     72.00000 para top(01)
Mensaje D / 00:00:13:000 / sensor(02) / ... para top(01)
Mensaje X / 00:00:13:000 / top(01) / in /     72.00000 para robot(03)
Mensaje D / 00:00:13:000 / robot(03) / 00:00:00:000 para top(01)
Mensaje D / 00:00:13:000 / top(01) / 00:00:00:000 para Root(00)
Mensaje * / 00:00:13:000 / Root(00) para top(01)
Mensaje * / 00:00:13:000 / top(01) para robot(03)
Mensaje Y / 00:00:13:000 / robot(03) / out /     45.00000 para top(01)
Mensaje D / 00:00:13:000 / robot(03) / ... para top(01)
Mensaje X / 00:00:13:000 / top(01) / in /     45.00000 para sensor(02)
Mensaje D / 00:00:13:000 / sensor(02) / 00:00:00:500 para top(01)
Mensaje D / 00:00:13:000 / top(01) / 00:00:00:500 para Root(00)
Mensaje * / 00:00:13:500 / Root(00) para top(01)
Mensaje * / 00:00:13:500 / top(01) para sensor(02)
Mensaje Y / 00:00:13:500 / sensor(02) / out /     81.00000 para top(01)
Mensaje D / 00:00:13:500 / sensor(02) / ... para top(01)
Mensaje X / 00:00:13:500 / top(01) / in /     81.00000 para robot(03)
Mensaje D / 00:00:13:500 / robot(03) / 00:00:00:000 para top(01)
Mensaje D / 00:00:13:500 / top(01) / 00:00:00:000 para Root(00)
Mensaje * / 00:00:13:500 / Root(00) para top(01)
Mensaje * / 00:00:13:500 / top(01) para robot(03)
Mensaje Y / 00:00:13:500 / robot(03) / out /     44.00000 para top(01)
Mensaje D / 00:00:13:500 / robot(03) / ... para top(01)
Mensaje X / 00:00:13:500 / top(01) / in /     44.00000 para sensor(02)
Mensaje D / 00:00:13:500 / sensor(02) / 00:00:00:500 para top(01)
Mensaje D / 00:00:13:500 / top(01) / 00:00:00:500 para Root(00)
Mensaje * / 00:00:14:000 / Root(00) para top(01)
Mensaje * / 00:00:14:000 / top(01) para sensor(02)
Mensaje Y / 00:00:14:000 / sensor(02) / out /     17.00000 para top(01)
Mensaje D / 00:00:14:000 / sensor(02) / ... para top(01)
Mensaje X / 00:00:14:000 / top(01) / in /     17.00000 para robot(03)
Mensaje D / 00:00:14:000 / robot(03) / 00:00:00:000 para top(01)
Mensaje D / 00:00:14:000 / top(01) / 00:00:00:000 para Root(00)
Mensaje * / 00:00:14:000 / Root(00) para top(01)
Mensaje * / 00:00:14:000 / top(01) para robot(03)
Mensaje Y / 00:00:14:000 / robot(03) / out /     34.00000 para top(01)
Mensaje D / 00:00:14:000 / robot(03) / ... para top(01)
Mensaje X / 00:00:14:000 / top(01) / in /     34.00000 para sensor(02)
Mensaje D / 00:00:14:000 / sensor(02) / 00:00:00:500 para top(01)
Mensaje D / 00:00:14:000 / top(01) / 00:00:00:500 para Root(00)
Mensaje * / 00:00:14:500 / Root(00) para top(01)
Mensaje * / 00:00:14:500 / top(01) para sensor(02)
Mensaje Y / 00:00:14:500 / sensor(02) / out /     15.00000 para top(01)
Mensaje D / 00:00:14:500 / sensor(02) / ... para top(01)
Mensaje X / 00:00:14:500 / top(01) / in /     15.00000 para robot(03)
Mensaje D / 00:00:14:500 / robot(03) / 00:00:00:000 para top(01)
Mensaje D / 00:00:14:500 / top(01) / 00:00:00:000 para Root(00)
Mensaje * / 00:00:14:500 / Root(00) para top(01)
Mensaje * / 00:00:14:500 / top(01) para robot(03)
Mensaje Y / 00:00:14:500 / robot(03) / out /     44.00000 para top(01)
Mensaje D / 00:00:14:500 / robot(03) / ... para top(01)
Mensaje X / 00:00:14:500 / top(01) / in /     44.00000 para sensor(02)
Mensaje D / 00:00:14:500 / sensor(02) / 00:00:00:500 para top(01)
Mensaje D / 00:00:14:500 / top(01) / 00:00:00:500 para Root(00)
Mensaje * / 00:00:15:000 / Root(00) para top(01)
Mensaje * / 00:00:15:000 / top(01) para sensor(02)
Mensaje Y / 00:00:15:000 / sensor(02) / out /     31.00000 para top(01)
Mensaje D / 00:00:15:000 / sensor(02) / ... para top(01)
Mensaje X / 00:00:15:000 / top(01) / in /     31.00000 para robot(03)
Mensaje D / 00:00:15:000 / robot(03) / 00:00:00:000 para top(01)
Mensaje D / 00:00:15:000 / top(01) / 00:00:00:000 para Root(00)
Mensaje * / 00:00:15:000 / Root(00) para top(01)
Mensaje * / 00:00:15:000 / top(01) para robot(03)
Mensaje Y / 00:00:15:000 / robot(03) / out /     54.00000 para top(01)
Mensaje D / 00:00:15:000 / robot(03) / ... para top(01)
Mensaje X / 00:00:15:000 / top(01) / in /     54.00000 para sensor(02)
Mensaje D / 00:00:15:000 / sensor(02) / 00:00:00:500 para top(01)
Mensaje D / 00:00:15:000 / top(01) / 00:00:00:500 para Root(00)
Mensaje * / 00:00:15:500 / Root(00) para top(01)
Mensaje * / 00:00:15:500 / top(01) para sensor(02)
Mensaje Y / 00:00:15:500 / sensor(02) / out /      0.00000 para top(01)
Mensaje D / 00:00:15:500 / sensor(02) / ... para top(01)
Mensaje X / 00:00:15:500 / top(01) / in /      0.00000 para robot(03)
Mensaje D / 00:00:15:500 / robot(03) / 00:00:00:000 para top(01)
Mensaje D / 00:00:15:500 / top(01) / 00:00:00:000 para Root(00)
Mensaje * / 00:00:15:500 / Root(00) para top(01)
Mensaje * / 00:00:15:500 / top(01) para robot(03)
Mensaje Y / 00:00:15:500 / robot(03) / out /     64.00000 para top(01)
Mensaje D / 00:00:15:500 / robot(03) / ... para top(01)
Mensaje X / 00:00:15:500 / top(01) / in /     64.00000 para sensor(02)
Mensaje D / 00:00:15:500 / sensor(02) / 00:00:00:500 para top(01)
Mensaje D / 00:00:15:500 / top(01) / 00:00:00:500 para Root(00)
Mensaje * / 00:00:16:000 / Root(00) para top(01)
Mensaje * / 00:00:16:000 / top(01) para sensor(02)
Mensaje Y / 00:00:16:000 / sensor(02) / out /     85.00000 para top(01)
Mensaje D / 00:00:16:000 / sensor(02) / ... para top(01)
Mensaje X / 00:00:16:000 / top(01) / in /     85.00000 para robot(03)
Mensaje D / 00:00:16:000 / robot(03) / 00:00:00:000 para top(01)
Mensaje D / 00:00:16:000 / top(01) / 00:00:00:000 para Root(00)
Mensaje * / 00:00:16:000 / Root(00) para top(01)
Mensaje * / 00:00:16:000 / top(01) para robot(03)
Mensaje Y / 00:00:16:000 / robot(03) / out /     54.00000 para top(01)
Mensaje D / 00:00:16:000 / robot(03) / ... para top(01)
Mensaje X / 00:00:16:000 / top(01) / in /     54.00000 para sensor(02)
Mensaje D / 00:00:16:000 / sensor(02) / 00:00:00:500 para top(01)
Mensaje D / 00:00:16:000 / top(01) / 00:00:00:500 para Root(00)
Mensaje * / 00:00:16:500 / Root(00) para top(01)
Mensaje * / 00:00:16:500 / top(01) para sensor(02)
Mensaje Y / 00:00:16:500 / sensor(02) / out /     41.00000 para top(01)
Mensaje D / 00:00:16:500 / sensor(02) / ... para top(01)
Mensaje X / 00:00:16:500 / top(01) / in /     41.00000 para robot(03)
Mensaje D / 00:00:16:500 / robot(03) / 00:00:00:000 para top(01)
Mensaje D / 00:00:16:500 / top(01) / 00:00:00:000 para Root(00)
Mensaje * / 00:00:16:500 / Root(00) para top(01)
Mensaje * / 00:00:16:500 / top(01) para robot(03)
Mensaje Y / 00:00:16:500 / robot(03) / out /     55.00000 para top(01)
Mensaje D / 00:00:16:500 / robot(03) / ... para top(01)
Mensaje X / 00:00:16:500 / top(01) / in /     55.00000 para sensor(02)
Mensaje D / 00:00:16:500 / sensor(02) / 00:00:00:500 para top(01)
Mensaje D / 00:00:16:500 / top(01) / 00:00:00:500 para Root(00)
Mensaje * / 00:00:17:000 / Root(00) para top(01)
Mensaje * / 00:00:17:000 / top(01) para sensor(02)
Mensaje Y / 00:00:17:000 / sensor(02) / out /     88.00000 para top(01)
Mensaje D / 00:00:17:000 / sensor(02) / ... para top(01)
Mensaje X / 00:00:17:000 / top(01) / in /     88.00000 para robot(03)
Mensaje D / 00:00:17:000 / robot(03) / 00:00:00:000 para top(01)
Mensaje D / 00:00:17:000 / top(01) / 00:00:00:000 para Root(00)
Mensaje * / 00:00:17:000 / Root(00) para top(01)
Mensaje * / 00:00:17:000 / top(01) para robot(03)
Mensaje Y / 00:00:17:000 / robot(03) / out /     45.00000 para top(01)
Mensaje D / 00:00:17:000 / robot(03) / ... para top(01)
Mensaje X / 00:00:17:000 / top(01) / in /     45.00000 para sensor(02)
Mensaje D / 00:00:17:000 / sensor(02) / 00:00:00:500 para top(01)
Mensaje D / 00:00:17:000 / top(01) / 00:00:00:500 para Root(00)
Mensaje * / 00:00:17:500 / Root(00) para top(01)
Mensaje * / 00:00:17:500 / top(01) para sensor(02)
Mensaje Y / 00:00:17:500 / sensor(02) / out /      6.00000 para top(01)
Mensaje D / 00:00:17:500 / sensor(02) / ... para top(01)
Mensaje X / 00:00:17:500 / top(01) / in /      6.00000 para robot(03)
Mensaje D / 00:00:17:500 / robot(03) / 00:00:00:000 para top(01)
Mensaje D / 00:00:17:500 / top(01) / 00:00:00:000 para Root(00)
Mensaje * / 00:00:17:500 / Root(00) para top(01)
Mensaje * / 00:00:17:500 / top(01) para robot(03)
Mensaje Y / 00:00:17:500 / robot(03) / out /     35.00000 para top(01)
Mensaje D / 00:00:17:500 / robot(03) / ... para top(01)
Mensaje X / 00:00:17:500 / top(01) / in /     35.00000 para sensor(02)
Mensaje D / 00:00:17:500 / sensor(02) / 00:00:00:500 para top(01)
Mensaje D / 00:00:17:500 / top(01) / 00:00:00:500 para Root(00)
Mensaje * / 00:00:18:000 / Root(00) para top(01)
Mensaje * / 00:00:18:000 / top(01) para sensor(02)
Mensaje Y / 00:00:18:000 / sensor(02) / out /     65.00000 para top(01)
Mensaje D / 00:00:18:000 / sensor(02) / ... para top(01)
Mensaje X / 00:00:18:000 / top(01) / in /     65.00000 para robot(03)
Mensaje D / 00:00:18:000 / robot(03) / 00:00:00:000 para top(01)
Mensaje D / 00:00:18:000 / top(01) / 00:00:00:000 para Root(00)
Mensaje * / 00:00:18:000 / Root(00) para top(01)
Mensaje * / 00:00:18:000 / top(01) para robot(03)
Mensaje Y / 00:00:18:000 / robot(03) / out /     34.00000 para top(01)
Mensaje D / 00:00:18:000 / robot(03) / ... para top(01)
Mensaje X / 00:00:18:000 / top(01) / in /     34.00000 para sensor(02)
Mensaje D / 00:00:18:000 / sensor(02) / 00:00:00:500 para top(01)
Mensaje D / 00:00:18:000 / top(01) / 00:00:00:500 para Root(00)
Mensaje * / 00:00:18:500 / Root(00) para top(01)
Mensaje * / 00:00:18:500 / top(01) para sensor(02)
Mensaje Y / 00:00:18:500 / sensor(02) / out /     51.00000 para top(01)
Mensaje D / 00:00:18:500 / sensor(02) / ... para top(01)
Mensaje X / 00:00:18:500 / top(01) / in /     51.00000 para robot(03)
Mensaje D / 00:00:18:500 / robot(03) / 00:00:00:000 para top(01)
Mensaje D / 00:00:18:500 / top(01) / 00:00:00:000 para Root(00)
Mensaje * / 00:00:18:500 / Root(00) para top(01)
Mensaje * / 00:00:18:500 / top(01) para robot(03)
Mensaje Y / 00:00:18:500 / robot(03) / out /     44.00000 para top(01)
Mensaje D / 00:00:18:500 / robot(03) / ... para top(01)
Mensaje X / 00:00:18:500 / top(01) / in /     44.00000 para sensor(02)
Mensaje D / 00:00:18:500 / sensor(02) / 00:00:00:500 para top(01)
Mensaje D / 00:00:18:500 / top(01) / 00:00:00:500 para Root(00)
Mensaje * / 00:00:19:000 / Root(00) para top(01)
Mensaje * / 00:00:19:000 / top(01) para sensor(02)
Mensaje Y / 00:00:19:000 / sensor(02) / out /      4.00000 para top(01)
Mensaje D / 00:00:19:000 / sensor(02) / ... para top(01)
Mensaje X / 00:00:19:000 / top(01) / in /      4.00000 para robot(03)
Mensaje D / 00:00:19:000 / robot(03) / 00:00:00:000 para top(01)
Mensaje D / 00:00:19:000 / top(01) / 00:00:00:000 para Root(00)
Mensaje * / 00:00:19:000 / Root(00) para top(01)
Mensaje * / 00:00:19:000 / top(01) para robot(03)
Mensaje Y / 00:00:19:000 / robot(03) / out /     43.00000 para top(01)
Mensaje D / 00:00:19:000 / robot(03) / ... para top(01)
Mensaje X / 00:00:19:000 / top(01) / in /     43.00000 para sensor(02)
Mensaje D / 00:00:19:000 / sensor(02) / 00:00:00:500 para top(01)
Mensaje D / 00:00:19:000 / top(01) / 00:00:00:500 para Root(00)
Mensaje * / 00:00:19:500 / Root(00) para top(01)
Mensaje * / 00:00:19:500 / top(01) para sensor(02)
Mensaje Y / 00:00:19:500 / sensor(02) / out /     10.00000 para top(01)
Mensaje D / 00:00:19:500 / sensor(02) / ... para top(01)
Mensaje X / 00:00:19:500 / top(01) / in /     10.00000 para robot(03)
Mensaje D / 00:00:19:500 / robot(03) / 00:00:00:000 para top(01)
Mensaje D / 00:00:19:500 / top(01) / 00:00:00:000 para Root(00)
Mensaje * / 00:00:19:500 / Root(00) para top(01)
Mensaje * / 00:00:19:500 / top(01) para robot(03)
Mensaje Y / 00:00:19:500 / robot(03) / out /     42.00000 para top(01)
Mensaje D / 00:00:19:500 / robot(03) / ... para top(01)
Mensaje X / 00:00:19:500 / top(01) / in /     42.00000 para sensor(02)
Mensaje D / 00:00:19:500 / sensor(02) / 00:00:00:500 para top(01)
Mensaje D / 00:00:19:500 / top(01) / 00:00:00:500 para Root(00)
Mensaje * / 00:00:20:000 / Root(00) para top(01)
Mensaje * / 00:00:20:000 / top(01) para sensor(02)
Mensaje Y / 00:00:20:000 / sensor(02) / out /     67.00000 para top(01)
Mensaje D / 00:00:20:000 / sensor(02) / ... para top(01)
Mensaje X / 00:00:20:000 / top(01) / in /     67.00000 para robot(03)
Mensaje D / 00:00:20:000 / robot(03) / 00:00:00:000 para top(01)
Mensaje D / 00:00:20:000 / top(01) / 00:00:00:000 para Root(00)
Mensaje * / 00:00:20:000 / Root(00) para top(01)
Mensaje * / 00:00:20:000 / top(01) para robot(03)
Mensaje Y / 00:00:20:000 / robot(03) / out /     43.00000 para top(01)
Mensaje D / 00:00:20:000 / robot(03) / ... para top(01)
Mensaje X / 00:00:20:000 / top(01) / in /     43.00000 para sensor(02)
Mensaje D / 00:00:20:000 / sensor(02) / 00:00:00:500 para top(01)
Mensaje D / 00:00:20:000 / top(01) / 00:00:00:500 para Root(00)
Mensaje * / 00:00:20:500 / Root(00) para top(01)
Mensaje * / 00:00:20:500 / top(01) para sensor(02)
Mensaje Y / 00:00:20:500 / sensor(02) / out /     77.00000 para top(01)
Mensaje D / 00:00:20:500 / sensor(02) / ... para top(01)
Mensaje X / 00:00:20:500 / top(01) / in /     77.00000 para robot(03)
Mensaje D / 00:00:20:500 / robot(03) / 00:00:00:000 para top(01)
Mensaje D / 00:00:20:500 / top(01) / 00:00:00:000 para Root(00)
Mensaje * / 00:00:20:500 / Root(00) para top(01)
Mensaje * / 00:00:20:500 / top(01) para robot(03)
Mensaje Y / 00:00:20:500 / robot(03) / out /     44.00000 para top(01)
Mensaje D / 00:00:20:500 / robot(03) / ... para top(01)
Mensaje X / 00:00:20:500 / top(01) / in /     44.00000 para sensor(02)
Mensaje D / 00:00:20:500 / sensor(02) / 00:00:00:500 para top(01)
Mensaje D / 00:00:20:500 / top(01) / 00:00:00:500 para Root(00)
Mensaje * / 00:00:21:000 / Root(00) para top(01)
Mensaje * / 00:00:21:000 / top(01) para sensor(02)
Mensaje Y / 00:00:21:000 / sensor(02) / out /     46.00000 para top(01)
Mensaje D / 00:00:21:000 / sensor(02) / ... para top(01)
Mensaje X / 00:00:21:000 / top(01) / in /     46.00000 para robot(03)
Mensaje D / 00:00:21:000 / robot(03) / 00:00:00:000 para top(01)
Mensaje D / 00:00:21:000 / top(01) / 00:00:00:000 para Root(00)
Mensaje * / 00:00:21:000 / Root(00) para top(01)
Mensaje * / 00:00:21:000 / top(01) para robot(03)
Mensaje Y / 00:00:21:000 / robot(03) / out /     45.00000 para top(01)
Mensaje D / 00:00:21:000 / robot(03) / ... para top(01)
Mensaje X / 00:00:21:000 / top(01) / in /     45.00000 para sensor(02)
Mensaje D / 00:00:21:000 / sensor(02) / 00:00:00:500 para top(01)
Mensaje D / 00:00:21:000 / top(01) / 00:00:00:500 para Root(00)
Mensaje * / 00:00:21:500 / Root(00) para top(01)
Mensaje * / 00:00:21:500 / top(01) para sensor(02)
Mensaje Y / 00:00:21:500 / sensor(02) / out /     32.00000 para top(01)
Mensaje D / 00:00:21:500 / sensor(02) / ... para top(01)
Mensaje X / 00:00:21:500 / top(01) / in /     32.00000 para robot(03)
Mensaje D / 00:00:21:500 / robot(03) / 00:00:00:000 para top(01)
Mensaje D / 00:00:21:500 / top(01) / 00:00:00:000 para Root(00)
Mensaje * / 00:00:21:500 / Root(00) para top(01)
Mensaje * / 00:00:21:500 / top(01) para robot(03)
Mensaje Y / 00:00:21:500 / robot(03) / out /     44.00000 para top(01)
Mensaje D / 00:00:21:500 / robot(03) / ... para top(01)
Mensaje X / 00:00:21:500 / top(01) / in /     44.00000 para sensor(02)
Mensaje D / 00:00:21:500 / sensor(02) / 00:00:00:500 para top(01)
Mensaje D / 00:00:21:500 / top(01) / 00:00:00:500 para Root(00)
Mensaje * / 00:00:22:000 / Root(00) para top(01)
Mensaje * / 00:00:22:000 / top(01) para sensor(02)
Mensaje Y / 00:00:22:000 / sensor(02) / out /     45.00000 para top(01)
Mensaje D / 00:00:22:000 / sensor(02) / ... para top(01)
Mensaje X / 00:00:22:000 / top(01) / in /     45.00000 para robot(03)
Mensaje D / 00:00:22:000 / robot(03) / 00:00:00:000 para top(01)
Mensaje D / 00:00:22:000 / top(01) / 00:00:00:000 para Root(00)
Mensaje * / 00:00:22:000 / Root(00) para top(01)
Mensaje * / 00:00:22:000 / top(01) para robot(03)
Mensaje Y / 00:00:22:000 / robot(03) / out /     43.00000 para top(01)
Mensaje D / 00:00:22:000 / robot(03) / ... para top(01)
Mensaje X / 00:00:22:000 / top(01) / in /     43.00000 para sensor(02)
Mensaje D / 00:00:22:000 / sensor(02) / 00:00:00:500 para top(01)
Mensaje D / 00:00:22:000 / top(01) / 00:00:00:500 para Root(00)
Mensaje * / 00:00:22:500 / Root(00) para top(01)
Mensaje * / 00:00:22:500 / top(01) para sensor(02)
Mensaje Y / 00:00:22:500 / sensor(02) / out /     68.00000 para top(01)
Mensaje D / 00:00:22:500 / sensor(02) / ... para top(01)
Mensaje X / 00:00:22:500 / top(01) / in /     68.00000 para robot(03)
Mensaje D / 00:00:22:500 / robot(03) / 00:00:00:000 para top(01)
Mensaje D / 00:00:22:500 / top(01) / 00:00:00:000 para Root(00)
Mensaje * / 00:00:22:500 / Root(00) para top(01)
Mensaje * / 00:00:22:500 / top(01) para robot(03)
Mensaje Y / 00:00:22:500 / robot(03) / out /     42.00000 para top(01)
Mensaje D / 00:00:22:500 / robot(03) / ... para top(01)
Mensaje X / 00:00:22:500 / top(01) / in /     42.00000 para sensor(02)
Mensaje D / 00:00:22:500 / sensor(02) / 00:00:00:500 para top(01)
Mensaje D / 00:00:22:500 / top(01) / 00:00:00:500 para Root(00)
Mensaje * / 00:00:23:000 / Root(00) para top(01)
Mensaje * / 00:00:23:000 / top(01) para sensor(02)
Mensaje Y / 00:00:23:000 / sensor(02) / out /     82.00000 para top(01)
Mensaje D / 00:00:23:000 / sensor(02) / ... para top(01)
Mensaje X / 00:00:23:000 / top(01) / in /     82.00000 para robot(03)
Mensaje D / 00:00:23:000 / robot(03) / 00:00:00:000 para top(01)
Mensaje D / 00:00:23:000 / top(01) / 00:00:00:000 para Root(00)
Mensaje * / 00:00:23:000 / Root(00) para top(01)
Mensaje * / 00:00:23:000 / top(01) para robot(03)
Mensaje Y / 00:00:23:000 / robot(03) / out /     43.00000 para top(01)
Mensaje D / 00:00:23:000 / robot(03) / ... para top(01)
Mensaje X / 00:00:23:000 / top(01) / in /     43.00000 para sensor(02)
Mensaje D / 00:00:23:000 / sensor(02) / 00:00:00:500 para top(01)
Mensaje D / 00:00:23:000 / top(01) / 00:00:00:500 para Root(00)
Mensaje * / 00:00:23:500 / Root(00) para top(01)
Mensaje * / 00:00:23:500 / top(01) para sensor(02)
Mensaje Y / 00:00:23:500 / sensor(02) / out /     54.00000 para top(01)
Mensaje D / 00:00:23:500 / sensor(02) / ... para top(01)
Mensaje X / 00:00:23:500 / top(01) / in /     54.00000 para robot(03)
Mensaje D / 00:00:23:500 / robot(03) / 00:00:00:000 para top(01)
Mensaje D / 00:00:23:500 / top(01) / 00:00:00:000 para Root(00)
Mensaje * / 00:00:23:500 / Root(00) para top(01)
Mensaje * / 00:00:23:500 / top(01) para robot(03)
Mensaje Y / 00:00:23:500 / robot(03) / out /     42.00000 para top(01)
Mensaje D / 00:00:23:500 / robot(03) / ... para top(01)
Mensaje X / 00:00:23:500 / top(01) / in /     42.00000 para sensor(02)
Mensaje D / 00:00:23:500 / sensor(02) / 00:00:00:500 para top(01)
Mensaje D / 00:00:23:500 / top(01) / 00:00:00:500 para Root(00)
Mensaje * / 00:00:24:000 / Root(00) para top(01)
Mensaje * / 00:00:24:000 / top(01) para sensor(02)
Mensaje Y / 00:00:24:000 / sensor(02) / out /     38.00000 para top(01)
Mensaje D / 00:00:24:000 / sensor(02) / ... para top(01)
Mensaje X / 00:00:24:000 / top(01) / in /     38.00000 para robot(03)
Mensaje D / 00:00:24:000 / robot(03) / 00:00:00:000 para top(01)
Mensaje D / 00:00:24:000 / top(01) / 00:00:00:000 para Root(00)
Mensaje * / 00:00:24:000 / Root(00) para top(01)
Mensaje * / 00:00:24:000 / top(01) para robot(03)
Mensaje Y / 00:00:24:000 / robot(03) / out /     43.00000 para top(01)
Mensaje D / 00:00:24:000 / robot(03) / ... para top(01)
Mensaje X / 00:00:24:000 / top(01) / in /     43.00000 para sensor(02)
Mensaje D / 00:00:24:000 / sensor(02) / 00:00:00:500 para top(01)
Mensaje D / 00:00:24:000 / top(01) / 00:00:00:500 para Root(00)
Mensaje * / 00:00:24:500 / Root(00) para top(01)
Mensaje * / 00:00:24:500 / top(01) para sensor(02)
Mensaje Y / 00:00:24:500 / sensor(02) / out /     20.00000 para top(01)
Mensaje D / 00:00:24:500 / sensor(02) / ... para top(01)
Mensaje X / 00:00:24:500 / top(01) / in /     20.00000 para robot(03)
Mensaje D / 00:00:24:500 / robot(03) / 00:00:00:000 para top(01)
Mensaje D / 00:00:24:500 / top(01) / 00:00:00:000 para Root(00)
Mensaje * / 00:00:24:500 / Root(00) para top(01)
Mensaje * / 00:00:24:500 / top(01) para robot(03)
Mensaje Y / 00:00:24:500 / robot(03) / out /     44.00000 para top(01)
Mensaje D / 00:00:24:500 / robot(03) / ... para top(01)
Mensaje X / 00:00:24:500 / top(01) / in /     44.00000 para sensor(02)
Mensaje D / 00:00:24:500 / sensor(02) / 00:00:00:500 para top(01)
Mensaje D / 00:00:24:500 / top(01) / 00:00:00:500 para Root(00)
Mensaje * / 00:00:25:000 / Root(00) para top(01)
Mensaje * / 00:00:25:000 / top(01) para sensor(02)
Mensaje Y / 00:00:25:000 / sensor(02) / out /     43.00000 para top(01)
Mensaje D / 00:00:25:000 / sensor(02) / ... para top(01)
Mensaje X / 00:00:25:000 / top(01) / in /     43.00000 para robot(03)
Mensaje D / 00:00:25:000 / robot(03) / 00:00:00:000 para top(01)
Mensaje D / 00:00:25:000 / top(01) / 00:00:00:000 para Root(00)
Mensaje * / 00:00:25:000 / Root(00) para top(01)
Mensaje * / 00:00:25:000 / top(01) para robot(03)
Mensaje Y / 00:00:25:000 / robot(03) / out /     34.00000 para top(01)
Mensaje D / 00:00:25:000 / robot(03) / ... para top(01)
Mensaje X / 00:00:25:000 / top(01) / in /     34.00000 para sensor(02)
Mensaje D / 00:00:25:000 / sensor(02) / 00:00:00:500 para top(01)
Mensaje D / 00:00:25:000 / top(01) / 00:00:00:500 para Root(00)
Mensaje * / 00:00:25:500 / Root(00) para top(01)
Mensaje * / 00:00:25:500 / top(01) para sensor(02)
Mensaje Y / 00:00:25:500 / sensor(02) / out /     35.00000 para top(01)
Mensaje D / 00:00:25:500 / sensor(02) / ... para top(01)
Mensaje X / 00:00:25:500 / top(01) / in /     35.00000 para robot(03)
Mensaje D / 00:00:25:500 / robot(03) / 00:00:00:000 para top(01)
Mensaje D / 00:00:25:500 / top(01) / 00:00:00:000 para Root(00)
Mensaje * / 00:00:25:500 / Root(00) para top(01)
Mensaje * / 00:00:25:500 / top(01) para robot(03)
Mensaje Y / 00:00:25:500 / robot(03) / out /     44.00000 para top(01)
Mensaje D / 00:00:25:500 / robot(03) / ... para top(01)
Mensaje X / 00:00:25:500 / top(01) / in /     44.00000 para sensor(02)
Mensaje D / 00:00:25:500 / sensor(02) / 00:00:00:500 para top(01)
Mensaje D / 00:00:25:500 / top(01) / 00:00:00:500 para Root(00)
Mensaje * / 00:00:26:000 / Root(00) para top(01)
Mensaje * / 00:00:26:000 / top(01) para sensor(02)
Mensaje Y / 00:00:26:000 / sensor(02) / out /     71.00000 para top(01)
Mensaje D / 00:00:26:000 / sensor(02) / ... para top(01)
Mensaje X / 00:00:26:000 / top(01) / in /     71.00000 para robot(03)
Mensaje D / 00:00:26:000 / robot(03) / 00:00:00:000 para top(01)
Mensaje D / 00:00:26:000 / top(01) / 00:00:00:000 para Root(00)
Mensaje * / 00:00:26:000 / Root(00) para top(01)
Mensaje * / 00:00:26:000 / top(01) para robot(03)
Mensaje Y / 00:00:26:000 / robot(03) / out /     34.00000 para top(01)
Mensaje D / 00:00:26:000 / robot(03) / ... para top(01)
Mensaje X / 00:00:26:000 / top(01) / in /     34.00000 para sensor(02)
Mensaje D / 00:00:26:000 / sensor(02) / 00:00:00:500 para top(01)
Mensaje D / 00:00:26:000 / top(01) / 00:00:00:500 para Root(00)
Mensaje * / 00:00:26:500 / Root(00) para top(01)
Mensaje * / 00:00:26:500 / top(01) para sensor(02)
Mensaje Y / 00:00:26:500 / sensor(02) / out /     57.00000 para top(01)
Mensaje D / 00:00:26:500 / sensor(02) / ... para top(01)
Mensaje X / 00:00:26:500 / top(01) / in /     57.00000 para robot(03)
Mensaje D / 00:00:26:500 / robot(03) / 00:00:00:000 para top(01)
Mensaje D / 00:00:26:500 / top(01) / 00:00:00:000 para Root(00)
Mensaje * / 00:00:26:500 / Root(00) para top(01)
Mensaje * / 00:00:26:500 / top(01) para robot(03)
Mensaje Y / 00:00:26:500 / robot(03) / out /     44.00000 para top(01)
Mensaje D / 00:00:26:500 / robot(03) / ... para top(01)
Mensaje X / 00:00:26:500 / top(01) / in /     44.00000 para sensor(02)
Mensaje D / 00:00:26:500 / sensor(02) / 00:00:00:500 para top(01)
Mensaje D / 00:00:26:500 / top(01) / 00:00:00:500 para Root(00)
Mensaje * / 00:00:27:000 / Root(00) para top(01)
Mensaje * / 00:00:27:000 / top(01) para sensor(02)
Mensaje Y / 00:00:27:000 / sensor(02) / out /      5.00000 para top(01)
Mensaje D / 00:00:27:000 / sensor(02) / ... para top(01)
Mensaje X / 00:00:27:000 / top(01) / in /      5.00000 para robot(03)
Mensaje D / 00:00:27:000 / robot(03) / 00:00:00:000 para top(01)
Mensaje D / 00:00:27:000 / top(01) / 00:00:00:000 para Root(00)
Mensaje * / 00:00:27:000 / Root(00) para top(01)
Mensaje * / 00:00:27:000 / top(01) para robot(03)
Mensaje Y / 00:00:27:000 / robot(03) / out /     34.00000 para top(01)
Mensaje D / 00:00:27:000 / robot(03) / ... para top(01)
Mensaje X / 00:00:27:000 / top(01) / in /     34.00000 para sensor(02)
Mensaje D / 00:00:27:000 / sensor(02) / 00:00:00:500 para top(01)
Mensaje D / 00:00:27:000 / top(01) / 00:00:00:500 para Root(00)
Mensaje * / 00:00:27:500 / Root(00) para top(01)
Mensaje * / 00:00:27:500 / top(01) para sensor(02)
Mensaje Y / 00:00:27:500 / sensor(02) / out /     28.00000 para top(01)
Mensaje D / 00:00:27:500 / sensor(02) / ... para top(01)
Mensaje X / 00:00:27:500 / top(01) / in /     28.00000 para robot(03)
Mensaje D / 00:00:27:500 / robot(03) / 00:00:00:000 para top(01)
Mensaje D / 00:00:27:500 / top(01) / 00:00:00:000 para Root(00)
Mensaje * / 00:00:27:500 / Root(00) para top(01)
Mensaje * / 00:00:27:500 / top(01) para robot(03)
Mensaje Y / 00:00:27:500 / robot(03) / out /     44.00000 para top(01)
Mensaje D / 00:00:27:500 / robot(03) / ... para top(01)
Mensaje X / 00:00:27:500 / top(01) / in /     44.00000 para sensor(02)
Mensaje D / 00:00:27:500 / sensor(02) / 00:00:00:500 para top(01)
Mensaje D / 00:00:27:500 / top(01) / 00:00:00:500 para Root(00)
Mensaje * / 00:00:28:000 / Root(00) para top(01)
Mensaje * / 00:00:28:000 / top(01) para sensor(02)
Mensaje Y / 00:00:28:000 / sensor(02) / out /     62.00000 para top(01)
Mensaje D / 00:00:28:000 / sensor(02) / ... para top(01)
Mensaje X / 00:00:28:000 / top(01) / in /     62.00000 para robot(03)
Mensaje D / 00:00:28:000 / robot(03) / 00:00:00:000 para top(01)
Mensaje D / 00:00:28:000 / top(01) / 00:00:00:000 para Root(00)
Mensaje * / 00:00:28:000 / Root(00) para top(01)
Mensaje * / 00:00:28:000 / top(01) para robot(03)
Mensaje Y / 00:00:28:000 / robot(03) / out /     34.00000 para top(01)
Mensaje D / 00:00:28:000 / robot(03) / ... para top(01)
Mensaje X / 00:00:28:000 / top(01) / in /     34.00000 para sensor(02)
Mensaje D / 00:00:28:000 / sensor(02) / 00:00:00:500 para top(01)
Mensaje D / 00:00:28:000 / top(01) / 00:00:00:500 para Root(00)
Mensaje * / 00:00:28:500 / Root(00) para top(01)
Mensaje * / 00:00:28:500 / top(01) para sensor(02)
Mensaje Y / 00:00:28:500 / sensor(02) / out /      2.00000 para top(01)
Mensaje D / 00:00:28:500 / sensor(02) / ... para top(01)
Mensaje X / 00:00:28:500 / top(01) / in /      2.00000 para robot(03)
Mensaje D / 00:00:28:500 / robot(03) / 00:00:00:000 para top(01)
Mensaje D / 00:00:28:500 / top(01) / 00:00:00:000 para Root(00)
Mensaje * / 00:00:28:500 / Root(00) para top(01)
Mensaje * / 00:00:28:500 / top(01) para robot(03)
Mensaje Y / 00:00:28:500 / robot(03) / out /     44.00000 para top(01)
Mensaje D / 00:00:28:500 / robot(03) / ... para top(01)
Mensaje X / 00:00:28:500 / top(01) / in /     44.00000 para sensor(02)
Mensaje D / 00:00:28:500 / sensor(02) / 00:00:00:500 para top(01)
Mensaje D / 00:00:28:500 / top(01) / 00:00:00:500 para Root(00)
Mensaje * / 00:00:29:000 / Root(00) para top(01)
Mensaje * / 00:00:29:000 / top(01) para sensor(02)
Mensaje Y / 00:00:29:000 / sensor(02) / out /     86.00000 para top(01)
Mensaje D / 00:00:29:000 / sensor(02) / ... para top(01)
Mensaje X / 00:00:29:000 / top(01) / in /     86.00000 para robot(03)
Mensaje D / 00:00:29:000 / robot(03) / 00:00:00:000 para top(01)
Mensaje D / 00:00:29:000 / top(01) / 00:00:00:000 para Root(00)
Mensaje * / 00:00:29:000 / Root(00) para top(01)
Mensaje * / 00:00:29:000 / top(01) para robot(03)
Mensaje Y / 00:00:29:000 / robot(03) / out /     34.00000 para top(01)
Mensaje D / 00:00:29:000 / robot(03) / ... para top(01)
Mensaje X / 00:00:29:000 / top(01) / in /     34.00000 para sensor(02)
Mensaje D / 00:00:29:000 / sensor(02) / 00:00:00:500 para top(01)
Mensaje D / 00:00:29:000 / top(01) / 00:00:00:500 para Root(00)
Mensaje * / 00:00:29:500 / Root(00) para top(01)
Mensaje * / 00:00:29:500 / top(01) para sensor(02)
Mensaje Y / 00:00:29:500 / sensor(02) / out /     56.00000 para top(01)
Mensaje D / 00:00:29:500 / sensor(02) / ... para top(01)
Mensaje X / 00:00:29:500 / top(01) / in /     56.00000 para robot(03)
Mensaje D / 00:00:29:500 / robot(03) / 00:00:00:000 para top(01)
Mensaje D / 00:00:29:500 / top(01) / 00:00:00:000 para Root(00)
Mensaje * / 00:00:29:500 / Root(00) para top(01)
Mensaje * / 00:00:29:500 / top(01) para robot(03)
Mensaje Y / 00:00:29:500 / robot(03) / out /     44.00000 para top(01)
Mensaje D / 00:00:29:500 / robot(03) / ... para top(01)
Mensaje X / 00:00:29:500 / top(01) / in /     44.00000 para sensor(02)
Mensaje D / 00:00:29:500 / sensor(02) / 00:00:00:500 para top(01)
Mensaje D / 00:00:29:500 / top(01) / 00:00:00:500 para Root(00)
Mensaje * / 00:00:30:000 / Root(00) para top(01)
Mensaje * / 00:00:30:000 / top(01) para sensor(02)
Mensaje Y / 00:00:30:000 / sensor(02) / out /     16.00000 para top(01)
Mensaje D / 00:00:30:000 / sensor(02) / ... para top(01)
Mensaje X / 00:00:30:000 / top(01) / in /     16.00000 para robot(03)
Mensaje D / 00:00:30:000 / robot(03) / 00:00:00:000 para top(01)
Mensaje D / 00:00:30:000 / top(01) / 00:00:00:000 para Root(00)
Mensaje * / 00:00:30:000 / Root(00) para top(01)
Mensaje * / 00:00:30:000 / top(01) para robot(03)
Mensaje Y / 00:00:30:000 / robot(03) / out /     34.00000 para top(01)
Mensaje D / 00:00:30:000 / robot(03) / ... para top(01)
Mensaje X / 00:00:30:000 / top(01) / in /     34.00000 para sensor(02)
Mensaje D / 00:00:30:000 / sensor(02) / 00:00:00:500 para top(01)
Mensaje D / 00:00:30:000 / top(01) / 00:00:00:500 para Root(00)
